TN:
SF:app.js
FN:18,(anonymous_0)
FN:22,(anonymous_1)
FN:29,(anonymous_2)
FNF:3
FNH:0
FNDA:0,(anonymous_0)
FNDA:0,(anonymous_1)
FNDA:0,(anonymous_2)
DA:7,0
DA:8,0
DA:10,0
DA:11,0
DA:13,0
DA:14,0
DA:16,0
DA:18,0
DA:19,0
DA:22,0
DA:23,0
DA:24,0
DA:27,0
DA:29,0
DA:30,0
LF:15
LH:0
BRF:0
BRH:0
end_of_record
TN:
SF:controllers\calculatorcontroller.js
FN:3,handleCalculation
FN:20,getHistory
FN:25,clearHistory
FNF:3
FNH:0
FNDA:0,handleCalculation
FNDA:0,getHistory
FNDA:0,clearHistory
DA:4,0
DA:5,0
DA:6,0
DA:7,0
DA:8,0
DA:10,0
DA:11,0
DA:12,0
DA:13,0
DA:15,0
DA:16,0
DA:21,0
DA:22,0
DA:26,0
DA:27,0
DA:28,0
LF:16
LH:0
BRDA:6,0,0,0
BRDA:6,0,1,0
BRDA:6,1,0,0
BRDA:6,1,1,0
BRDA:6,1,2,0
BRF:5
BRH:0
end_of_record
TN:
SF:models\calculatorModel.js
FN:3,calculate
FN:29,getHistory
FN:34,clearHistory
FNF:3
FNH:0
FNDA:0,calculate
FNDA:0,getHistory
FNDA:0,clearHistory
DA:1,0
DA:4,0
DA:6,0
DA:8,0
DA:9,0
DA:11,0
DA:12,0
DA:14,0
DA:15,0
DA:17,0
DA:18,0
DA:19,0
DA:21,0
DA:23,0
DA:24,0
DA:25,0
DA:26,0
DA:30,0
DA:31,0
DA:35,0
DA:36,0
LF:21
LH:0
BRDA:6,0,0,0
BRDA:6,0,1,0
BRDA:6,0,2,0
BRDA:6,0,3,0
BRDA:6,0,4,0
BRDA:17,1,0,0
BRDA:17,1,1,0
BRF:7
BRH:0
end_of_record
TN:
SF:routes\calculatorroutes.js
FNF:0
FNH:0
DA:4,0
DA:6,0
DA:7,0
DA:8,0
LF:4
LH:0
BRF:0
BRH:0
end_of_record
